

Starting up. 14:12.06
---------------------
[14:12:06]ADMIN: Loading jobban_rank
[14:12:06]ADMIN: jobban_keylist was empty
[14:12:06]ADMIN: Loading Banlist
[14:12:10]DEBUG: Rebuilding Master Controller
[14:13:03]ACCESS: Login: S_Spy/(S_Spy) from 127.0.0.1-516594753 || BYOND v511
[14:13:30]ADMIN: S_Spy has started the game.
[14:13:30]ACCESS: Logout: *no key*/(S_Spy)
[14:13:30]ACCESS: Login: S_Spy/(Fluffy Lollipop) from 127.0.0.1-516594753 || BYOND v511
[14:13:34]DEBUG: Next event of severity Mundane in 14.314 minutes.
[14:13:34]DEBUG: Next event of severity Moderate in 51.328 minutes.
[14:13:34]DEBUG: Next event of severity Major in 96.6333 minutes.
[14:14:07]EMOTE: Experiment 97d/ : <B>Experiment 97d</B> shakes its head.
[14:14:27]SAY: mouse (887)/ : SQUEEK!
[14:15:07]SAY: mouse (887)/ : Squeek!
[14:15:37]SAY: Experiment 97d/ : EHEHEHEHEH
[14:15:47]EMOTE: mouse (651)/ : <B>The mouse (651)</B> shakes.
[14:15:59]SAY: Runtime/ : Meow!
[14:16:25]SAY: mouse (434)/ : Squeek?
[14:17:43]EMOTE: Ian/ : <B>Ian</B> dances around
[14:20:11]SAY: Runtime/ : Purr!
[14:20:35]SAY: Ian/ : Bark!
[14:20:45]EMOTE: Runtime/ : <B>Runtime</B> meows.
[14:21:51]ACCESS: Logout: S_Spy/(Fluffy Lollipop)


Starting up. 14:22.57
---------------------
[14:22:58]ADMIN: Loading jobban_rank
[14:22:58]ADMIN: jobban_keylist was empty
[14:22:58]ADMIN: Loading Banlist
[14:23:05]DEBUG: Rebuilding Master Controller
[14:23:54]ACCESS: Login: S_Spy/(S_Spy) from 127.0.0.1-516594753 || BYOND v511
[14:24:39]ADMIN: S_Spy has started the game.
[14:24:40]ACCESS: Logout: *no key*/(S_Spy)
[14:24:40]ACCESS: Login: S_Spy/(Scarlet Bristle) from 127.0.0.1-516594753 || BYOND v511
[14:24:46]DEBUG: Next event of severity Mundane in 15.178 minutes.
[14:24:46]DEBUG: Next event of severity Moderate in 50.518 minutes.
[14:24:46]DEBUG: Next event of severity Major in 90.245 minutes.
[14:24:58]EMOTE: mouse (536)/ : <B>The mouse (536)</B> squiks.
[14:25:05]ACCESS: Logout: S_Spy/(Scarlet Bristle)


Starting up. 14:28.03
---------------------
[14:28:04]ADMIN: Loading jobban_rank
[14:28:04]ADMIN: jobban_keylist was empty
[14:28:04]ADMIN: Loading Banlist
[14:28:09]DEBUG: Rebuilding Master Controller
[14:29:50]ACCESS: Login: S_Spy/(S_Spy) from 127.0.0.1-516594753 || BYOND v511
[14:30:13]ADMIN: S_Spy has started the game.
[14:30:13]ACCESS: Logout: *no key*/(S_Spy)
[14:30:13]ACCESS: Login: S_Spy/(Crimson Dash) from 127.0.0.1-516594753 || BYOND v511
[14:30:17]DEBUG: Next event of severity Mundane in 14.152 minutes.
[14:30:17]DEBUG: Next event of severity Moderate in 51.348 minutes.
[14:30:17]DEBUG: Next event of severity Major in 83.68 minutes.
[14:30:18]EMOTE: mouse (792)/ : <B>The mouse (792)</B> scritches at something.
[14:30:26]EMOTE: Ian/ : <B>Ian</B> chases their tail
[14:30:28]EMOTE: Ian/ : <B>Ian</B> dances around
[14:30:49]ACCESS: Logout: S_Spy/(Crimson Dash)


Starting up. 17:20.38
---------------------
[17:20:39]ADMIN: Loading jobban_rank
[17:20:39]ADMIN: jobban_keylist was empty
[17:20:39]ADMIN: Loading Banlist
[17:20:43]DEBUG: Rebuilding Master Controller
[17:29:45]ACCESS: Login: Guest-516594753/(Guest-516594753) from 127.0.0.1-516594753 || BYOND v511
[17:30:40]ACCESS: Logout: Guest-516594753/(Guest-516594753)
[17:30:43]ACCESS: Login: S_Spy/(S_Spy) from 127.0.0.1-516594753 || BYOND v511
[17:30:52]ADMIN: S_Spy has started the game.
[17:30:52]ACCESS: Logout: *no key*/(S_Spy)
[17:30:52]ACCESS: Login: S_Spy/(Maredo Smooch) from 127.0.0.1-516594753 || BYOND v511
[17:30:57]DEBUG: Next event of severity Mundane in 14.264 minutes.
[17:30:57]DEBUG: Next event of severity Moderate in 53.704 minutes.
[17:30:57]DEBUG: Next event of severity Major in 94.7767 minutes.
[17:31:07]SAY: mouse (826)/ : Squeek?
[17:31:23]SAY: grey baby slime (128)/ : Rawr...
[17:32:12]SAY: mouse (198)/ : SQUEEK!
[17:32:38]EMOTE: Tom/ : <B>Tom</B> runs in a circle.
[17:32:50]EMOTE: Experiment 97d/ : <B>Experiment 97d</B> stamps a foot.
[17:33:04]EMOTE: Experiment 68a/ : <B>Experiment 68a</B> clacks.
[17:33:10]EMOTE: mouse (447)/ : <B>The mouse (447)</B> squeaks.
[17:33:32]EMOTE: Tom/ : <B>Tom</B> squeaks.
[17:33:43]SAY: Tom/ : SQUEEK!
[17:34:17]EMOTE: Ian/ : <B>Ian</B> chases their tail
[17:34:19]EMOTE: Ian/ : <B>Ian</B> shivers.
[17:34:23]EMOTE: Experiment 68a/ : <B>Experiment 68a</B> clicks.
[17:34:43]SAY: Runtime/ : HSSSSS
[17:35:25]SAY: mouse (447)/ : Squeek!
[17:35:57]EMOTE: Experiment 97d/ : <B>Experiment 97d</B> shakes its head.
[17:36:15]EMOTE: Ian/ : <B>Ian</B> chases their tail
[17:36:43]EMOTE: Ian/ : <B>Ian</B> dances around
[17:36:51]SAY: grey baby slime (128)/ : Blop...
[17:36:57]EMOTE: Ian/ : <B>Ian</B> chases their tail
[17:36:57]EMOTE: Experiment 68a/ : <B>Experiment 68a</B> clacks.
[17:37:05]SAY: Runtime/ : Meow!
[17:38:43]EMOTE: crab/ : <B>The crab</B> clicks.
[17:38:49]EMOTE: Experiment 68a/ : <B>Experiment 68a</B> clacks.
[17:38:57]EMOTE: crab/ : <B>The crab</B> clacks.
[17:39:13]EMOTE: Ian/ : <B>Ian</B> woofs.
[17:39:35]EMOTE: Experiment 68a/ : <B>Experiment 68a</B> clacks.
[17:40:07]EMOTE: Experiment 68a/ : <B>Experiment 68a</B> clacks.
[17:41:07]SAY: Ian/ : AUUUUUU
[17:41:15]EMOTE: Ian/ : <B>Ian</B> chases their tail
[17:41:53]EMOTE: Experiment 68a/ : <B>Experiment 68a</B> clacks.
[17:43:21]EMOTE: Experiment 97d/ : <B>Experiment 97d</B> shakes its head.
[17:43:25]SAY: grey baby slime (128)/ : Rawr...
[17:44:15]ACCESS: Logout: S_Spy/(Maredo Smooch)


Starting up. 18:13.35
---------------------
[18:13:36]ADMIN: Loading jobban_rank
[18:13:36]ADMIN: jobban_keylist was empty
[18:13:36]ADMIN: Loading Banlist
[18:13:45]DEBUG: Rebuilding Master Controller
[18:14:26]ACCESS: Login: S_Spy/(S_Spy) from 127.0.0.1-516594753 || BYOND v511
[18:15:05]ADMIN: S_Spy has started the game.
[18:15:06]ACCESS: Logout: *no key*/(S_Spy)
[18:15:06]ACCESS: Login: S_Spy/(Silver Starburst) from 127.0.0.1-516594753 || BYOND v511
[18:15:11]DEBUG: Next event of severity Mundane in 14.838 minutes.
[18:15:11]DEBUG: Next event of severity Moderate in 50.23 minutes.
[18:15:11]DEBUG: Next event of severity Major in 90.935 minutes.
[18:15:18]ACCESS: Logout: S_Spy/(Silver Starburst)
[18:15:24]ACCESS: Login: S_Spy/(Silver Starburst) from 127.0.0.1-516594753 || BYOND v511
[18:15:35]SAY: Ian/ : AUUUUUU
[18:16:27]SAY: Experiment 97d/ : Eh?
[18:16:36]EMOTE: Ian/ : <B>Ian</B> chases their tail
[18:18:02]SAY: mouse (62)/ : SQUEEK!
[18:18:27]EMOTE: mouse (140)/ : <B>The mouse (140)</B> scritches at something.
[18:18:27]EMOTE: Experiment 68a/ : <B>Experiment 68a</B> clacks.
[18:19:21]EMOTE: mouse (262)/ : <B>The mouse (262)</B> squeaks.
[18:19:28]EMOTE: Ian/ : <B>Ian</B> chases their tail
[18:19:36]EMOTE: mouse (864)/ : <B>The mouse (864)</B> scritches at something.
[18:20:24]SAY: Ian/ : AUUUUUU
[18:21:43]SAY: grey baby slime (841)/ : Rawr...
[18:21:43]EMOTE: Ian/ : <B>Ian</B> chases their tail
[18:22:46]EMOTE: Ian/ : <B>Ian</B> chases their tail
[18:23:34]SAY: mouse (140)/ : Squeek!
[18:23:56]EMOTE: Experiment 97d/ : <B>Experiment 97d</B> shakes its head.
[18:25:13]ACCESS: Logout: S_Spy/(Silver Starburst)


Starting up. 18:26.09
---------------------
[18:26:09]ADMIN: Loading jobban_rank
[18:26:09]ADMIN: jobban_keylist was empty
[18:26:09]ADMIN: Loading Banlist
[18:26:15]DEBUG: Rebuilding Master Controller
[18:28:54]ACCESS: Login: S_Spy/(S_Spy) from 127.0.0.1-516594753 || BYOND v511
[18:29:23]ADMIN: S_Spy has started the game.
[18:29:23]ACCESS: Logout: *no key*/(S_Spy)
[18:29:23]ACCESS: Login: S_Spy/(Angel Fang) from 127.0.0.1-516594753 || BYOND v511
[18:29:27]DEBUG: Next event of severity Mundane in 14.432 minutes.
[18:29:27]DEBUG: Next event of severity Moderate in 46.476 minutes.
[18:29:27]DEBUG: Next event of severity Major in 96.54 minutes.
[18:30:16]EMOTE: mouse (543)/ : <B>The mouse (543)</B> squeaks.
[18:30:22]SAY: mouse (176)/ : Squeek?
[18:30:26]EMOTE: crab/ : <B>The crab</B> clacks.
[18:30:32]EMOTE: Tom/ : <B>Tom</B> shakes.
[18:30:52]EMOTE: Ian/ : <B>Ian</B> shakes its head.
[18:30:58]ACCESS: Logout: S_Spy/(Angel Fang)
