

Starting up. 14:12.58
---------------------
[14:12:58]ADMIN: Loading jobban_rank
[14:12:58]ADMIN: jobban_keylist was empty
[14:12:58]ADMIN: Loading Banlist
[14:13:03]DEBUG: Rebuilding Master Controller
[14:20:56]ACCESS: Login: S_Spy/(S_Spy) from 127.0.0.1-516594753 || BYOND v511
[14:22:04]ADMIN: S_Spy has started the game.
[14:22:04]ACCESS: Logout: *no key*/(S_Spy)
[14:22:04]ACCESS: Login: S_Spy/(Twilight Rose) from 127.0.0.1-516594753 || BYOND v511
[14:22:10]DEBUG: Next event of severity Mundane in 15.61 minutes.
[14:22:10]DEBUG: Next event of severity Moderate in 43.478 minutes.
[14:22:10]DEBUG: Next event of severity Major in 84.7933 minutes.
[14:22:15]SAY: Experiment 97d/ : Eh?
[14:23:13]EMOTE: crab/ : <B>The crab</B> clicks.
[14:24:22]ACCESS: Logout: S_Spy/(Twilight Rose)


Starting up. 14:25.27
---------------------
[14:25:28]ADMIN: Loading jobban_rank
[14:25:28]ADMIN: jobban_keylist was empty
[14:25:28]ADMIN: Loading Banlist
[14:25:32]DEBUG: Rebuilding Master Controller


Starting up. 14:28.54
---------------------
[14:28:54]ADMIN: Loading jobban_rank
[14:28:54]ADMIN: jobban_keylist was empty
[14:28:54]ADMIN: Loading Banlist
[14:28:58]DEBUG: Rebuilding Master Controller
[14:29:59]ACCESS: Login: S_Spy/(S_Spy) from 127.0.0.1-516594753 || BYOND v511
[14:30:55]ADMIN: S_Spy has started the game.
[14:30:55]ACCESS: Logout: *no key*/(S_Spy)
[14:30:55]ACCESS: Login: S_Spy/(Winter Candy) from 127.0.0.1-516594753 || BYOND v511
[14:30:59]DEBUG: Next event of severity Mundane in 16.894 minutes.
[14:30:59]DEBUG: Next event of severity Moderate in 48.044 minutes.
[14:30:59]DEBUG: Next event of severity Major in 97.7117 minutes.
[14:31:14]SAY: mouse (449)/ : SQUEEK!
[14:31:50]EMOTE: Ian/ : <B>Ian</B> dances around
[14:31:50]EMOTE: Experiment 68a/ : <B>Experiment 68a</B> clacks.
[14:32:00]EMOTE: mouse (795)/ : <B>The mouse (795)</B> shakes.
[14:32:59]EMOTE: mouse (399)/ : <B>The mouse (399)</B> shakes.
[14:33:28]EMOTE: Experiment 68a/ : <B>Experiment 68a</B> clicks.
[14:33:30]EMOTE: mouse (891)/ : <B>The mouse (891)</B> squiks.
[14:33:30]EMOTE: crab/ : <B>The crab</B> clicks.
[14:33:32]SAY: mouse (791)/ : Squeek?
[14:33:46]ACCESS: Logout: S_Spy/(Winter Candy)


Starting up. 14:36.42
---------------------
[14:36:42]ADMIN: Loading jobban_rank
[14:36:42]ADMIN: jobban_keylist was empty
[14:36:42]ADMIN: Loading Banlist
[14:36:47]DEBUG: Rebuilding Master Controller
[14:38:39]ACCESS: Login: S_Spy/(S_Spy) from 127.0.0.1-516594753 || BYOND v511
[14:39:27]ADMIN: S_Spy has started the game.
[14:39:27]ACCESS: Logout: *no key*/(S_Spy)
[14:39:27]ACCESS: Login: S_Spy/(Sapphire Sparkle) from 127.0.0.1-516594753 || BYOND v511
[14:39:31]DEBUG: Next event of severity Mundane in 17.652 minutes.
[14:39:31]DEBUG: Next event of severity Moderate in 51.804 minutes.
[14:39:31]DEBUG: Next event of severity Major in 80.0867 minutes.
[14:39:50]EMOTE: Experiment 68a/ : <B>Experiment 68a</B> clacks.
[14:39:56]EMOTE: Runtime/ : <B>Runtime</B> meows.
[14:40:58]EMOTE: mouse (40)/ : <B>The mouse (40)</B> runs in a circle.
[14:40:58]EMOTE: mouse (61)/ : <B>The mouse (61)</B> squeaks.
[14:41:09]SAY: Ian/ : AUUUUUU
[14:41:27]EMOTE: Tom/ : <B>Tom</B> scritches at something.
[14:42:03]EMOTE: mouse (519)/ : <B>The mouse (519)</B> shakes.
[14:43:15]EMOTE: mouse (519)/ : <B>The mouse (519)</B> runs in a circle.
[14:43:15]SAY: Tom/ : Squeek!
[14:43:25]EMOTE: Runtime/ : <B>Runtime</B> mews.
[14:45:38]SAY: mouse (17)/ : SQUEEK!
[14:46:45]SAY: Tom/ : Squeek!
[14:46:53]EMOTE: Ian/ : <B>Ian</B> shivers.
[14:47:07]EMOTE: mouse (17)/ : <B>The mouse (17)</B> squeaks.
[14:47:13]EMOTE: mouse (803)/ : <B>The mouse (803)</B> runs in a circle.
[14:47:17]EMOTE: Runtime/ : <B>Runtime</B> shivers.
[14:47:37]EMOTE: Experiment 68a/ : <B>Experiment 68a</B> clacks.
[14:47:57]EMOTE: mouse (803)/ : <B>The mouse (803)</B> squiks.
[14:50:35]SAY: Experiment 97d/ : EHEHEHEHEH
[14:50:45]EMOTE: Ian/ : <B>Ian</B> dances around
[14:51:20]EMOTE: Runtime/ : <B>Runtime</B> shivers.
[14:51:41]SAY: Tom/ : SQUEEK!
[14:51:49]EMOTE: Ian/ : <B>Ian</B> dances around
[14:52:19]SAY: grey baby slime (146)/ : Rawr...
[14:52:52]SAY: Runtime/ : Purr!
[14:53:28]SAY: mouse (17)/ : SQUEEK!
[14:54:32]SAY: Runtime/ : HSSSSS
[14:54:48]EMOTE: Ian/ : <B>Ian</B> dances around
[14:55:31]ACCESS: Logout: S_Spy/(Sapphire Sparkle)


Starting up. 14:56.11
---------------------
[14:56:11]ADMIN: Loading jobban_rank
[14:56:11]ADMIN: jobban_keylist was empty
[14:56:11]ADMIN: Loading Banlist
[14:56:15]DEBUG: Rebuilding Master Controller
[14:57:05]ACCESS: Login: S_Spy/(S_Spy) from 127.0.0.1-516594753 || BYOND v511
[14:57:41]ADMIN: S_Spy has started the game.
[14:57:41]ACCESS: Logout: *no key*/(S_Spy)
[14:57:41]ACCESS: Login: S_Spy/(Sapphire Mustang) from 127.0.0.1-516594753 || BYOND v511
[14:57:45]DEBUG: Next event of severity Mundane in 16.476 minutes.
[14:57:45]DEBUG: Next event of severity Moderate in 37.05 minutes.
[14:57:45]DEBUG: Next event of severity Major in 95.4317 minutes.
[14:57:57]EMOTE: Ian/ : <B>Ian</B> dances around
[14:58:23]EMOTE: mouse (54)/ : <B>The mouse (54)</B> scritches at something.
[14:59:15]EMOTE: mouse (386)/ : <B>The mouse (386)</B> scritches at something.
[14:59:17]SAY: Experiment 97d/ : Eh?
[14:59:59]EMOTE: Ian/ : <B>Ian</B> dances around
[15:00:01]ACCESS: Logout: S_Spy/(Sapphire Mustang)


Starting up. 15:22.49
---------------------
[15:22:50]ADMIN: Loading jobban_rank
[15:22:50]ADMIN: jobban_keylist was empty
[15:22:50]ADMIN: Loading Banlist
[15:22:53]DEBUG: Rebuilding Master Controller
[15:23:15]ACCESS: Login: S_Spy/(S_Spy) from 127.0.0.1-516594753 || BYOND v511
[15:23:57]ADMIN: S_Spy has started the game.
[15:23:57]ACCESS: Logout: *no key*/(S_Spy)
[15:23:57]ACCESS: Login: S_Spy/(Celestial Arrow) from 127.0.0.1-516594753 || BYOND v511
[15:24:01]DEBUG: Next event of severity Mundane in 12.716 minutes.
[15:24:01]DEBUG: Next event of severity Moderate in 53.628 minutes.
[15:24:01]DEBUG: Next event of severity Major in 98.8533 minutes.
[15:24:26]EMOTE: Runtime/ : <B>Runtime</B> meows.
[15:24:44]EMOTE: mouse (41)/ : <B>The mouse (41)</B> squeeks.
[15:25:17]ACCESS: Logout: *no key*/(Celestial Arrow)
[15:25:17]ACCESS: Login: S_Spy/(Celestial Arrow) from 127.0.0.1-516594753 || BYOND v511
[15:25:19]GAME: Celestial Arrow/S_Spy used abandon mob.
[15:25:19]ACCESS: Logout: *no key*/(Celestial Arrow)
[15:25:19]ACCESS: Login: S_Spy/(new player) from 127.0.0.1-516594753 || BYOND v511
[15:25:28]EMOTE: Experiment 68a/ : <B>Experiment 68a</B> clacks.
[15:25:46]ACCESS: Logout: *no key*/(new player)
[15:25:46]ACCESS: Login: S_Spy/(Celestial Arrow) from 127.0.0.1-516594753 || BYOND v511
[15:25:52]SAY: Runtime/ : Meow!
[15:26:52]EMOTE: Ian/ : <B>Ian</B> chases their tail
[15:26:54]SAY: mouse (229)/ : Squeek!
[15:27:38]EMOTE: mouse (229)/ : <B>The mouse (229)</B> squiks.
[15:27:40]ACCESS: Logout: S_Spy/(Celestial Arrow)
[15:27:54]ACCESS: Login: S_Spy/(Celestial Arrow) from 127.0.0.1-516594753 || BYOND v511
[15:28:02]EMOTE: crab/ : <B>The crab</B> clacks.
[15:28:14]SAY: Ian/ : Woof!
[15:28:52]EMOTE: Ian/ : <B>Ian</B> dances around
[15:29:28]EMOTE: Ian/ : <B>Ian</B> chases their tail
[15:29:36]EMOTE: Experiment 68a/ : <B>Experiment 68a</B> clicks.
[15:30:49]EMOTE: Ian/ : <B>Ian</B> dances around
[15:31:05]EMOTE: Experiment 97d/ : <B>Experiment 97d</B> brays.
[15:31:43]SAY: Ian/ : YAP
[15:32:17]EMOTE: Ian/ : <B>Ian</B> woofs.
[15:32:27]EMOTE: Experiment 68a/ : <B>Experiment 68a</B> clacks.
[15:32:59]EMOTE: Ian/ : <B>Ian</B> chases their tail
[15:34:27]EMOTE: Experiment 97d/ : <B>Experiment 97d</B> glares around.
[15:35:05]SAY: grey baby slime (599)/ : Rawr...
[15:35:15]EMOTE: Experiment 97d/ : <B>Experiment 97d</B> brays.
[15:35:19]EMOTE: Ian/ : <B>Ian</B> dances around
[15:35:37]EMOTE: Ian/ : <B>Ian</B> woofs.
[15:36:49]SAY: Ian/ : Woof!
[15:37:07]EMOTE: Ian/ : <B>Ian</B> dances around
[15:37:24]ACCESS: Logout: S_Spy/(Celestial Arrow)


Starting up. 15:44.09
---------------------
[15:44:09]ADMIN: Loading jobban_rank
[15:44:09]ADMIN: jobban_keylist was empty
[15:44:09]ADMIN: Loading Banlist
[15:44:13]DEBUG: Rebuilding Master Controller
[15:47:20]ACCESS: Login: S_Spy/(S_Spy) from 127.0.0.1-516594753 || BYOND v511
[15:48:36]VOTE: Gamemode vote started by the server.
[15:48:36]DEBUG: The server has called a gamemode vote
[15:48:43]ADMIN: S_Spy has started the game.
[15:48:43]ACCESS: Logout: *no key*/(S_Spy)
[15:48:43]ACCESS: Login: S_Spy/(Rose Chaser) from 127.0.0.1-516594753 || BYOND v511
[15:48:43]ACCESS: Logout: *no key*/(Rose Chaser)
[15:48:43]ACCESS: Login: S_Spy/(Default Cyborg-257) from 127.0.0.1-516594753 || BYOND v511
[15:48:47]DEBUG: Next event of severity Mundane in 15.866 minutes.
[15:48:47]DEBUG: Next event of severity Moderate in 45.966 minutes.
[15:48:47]DEBUG: Next event of severity Major in 85.5333 minutes.
[15:48:52]GAME: <a href='?priv_msg=[0x5000000]'>S_Spy</a>/(Default Cyborg-257) has ghosted.
[15:48:52]ACCESS: Logout: *no key*/(Default Cyborg-257)
[15:48:52]ACCESS: Login: S_Spy/(Default Cyborg-257) from 127.0.0.1-516594753 || BYOND v511
[15:48:54]GAME: Default Cyborg-257/S_Spy used abandon mob.
[15:48:54]ACCESS: Logout: *no key*/(Default Cyborg-257)
[15:48:55]ACCESS: Login: S_Spy/(new player) from 127.0.0.1-516594753 || BYOND v511
[15:48:59]ACCESS: Logout: *no key*/(new player)
[15:48:59]ACCESS: Login: S_Spy/(Rose Chaser) from 127.0.0.1-516594753 || BYOND v511
[15:49:05]SAY: Ian/ : Woof!
[15:49:07]EMOTE: mouse (942)/ : <B>The mouse (942)</B> runs in a circle.
[15:49:15]EMOTE: Ian/ : <B>Ian</B> woofs.
[15:49:28]EMOTE: Ian/ : <B>Ian</B> chases their tail
[15:49:48]EMOTE: mouse (150)/ : <B>The mouse (150)</B> squiks.
[15:50:18]EMOTE: mouse (552)/ : <B>The mouse (552)</B> runs in a circle.
[15:50:38]EMOTE: mouse (807)/ : <B>The mouse (807)</B> squeaks.
[15:51:00]SAY: grey baby slime (464)/ : Lonely...
[15:51:00]EMOTE: Experiment 68a/ : <B>Experiment 68a</B> clicks.
[15:51:04]EMOTE: crab/ : <B>The crab</B> clacks.
[15:51:40]SAY: mouse (942)/ : SQUEEK!
[15:52:06]EMOTE: Ian/ : <B>Ian</B> dances around
[15:52:22]EMOTE: mouse (807)/ : <B>The mouse (807)</B> squeaks.
[15:52:22]EMOTE: Ian/ : <B>Ian</B> chases their tail
[15:52:28]SAY: grey baby slime (503)/ : Blorble...
[15:52:46]EMOTE: mouse (150)/ : <B>The mouse (150)</B> scritches at something.
[15:53:22]SAY: Tom/ : Squeek?
[15:53:24]EMOTE: mouse (409)/ : <B>The mouse (409)</B> squiks.
[15:53:52]SAY: mouse (150)/ : SQUEEK!
[15:54:00]SAY: mouse (942)/ : SQUEEK!
[15:54:04]EMOTE: mouse (942)/ : <B>The mouse (942)</B> shakes.
[15:54:04]SAY: Ian/ : AUUUUUU
[15:54:12]EMOTE: Experiment 68a/ : <B>Experiment 68a</B> clicks.
[15:54:24]EMOTE: mouse (552)/ : <B>The mouse (552)</B> squeeks.
[15:54:38]EMOTE: mouse (150)/ : <B>The mouse (150)</B> squiks.
[15:56:16]SAY: grey baby slime (503)/ : Rawr...
[15:56:42]ACCESS: Logout: S_Spy/(Rose Chaser)


Starting up. 16:17.10
---------------------
[16:17:10]ADMIN: Loading jobban_rank
[16:17:10]ADMIN: jobban_keylist was empty
[16:17:10]ADMIN: Loading Banlist
[16:17:14]DEBUG: Rebuilding Master Controller
[16:17:45]ACCESS: Login: S_Spy/(S_Spy) from 127.0.0.1-516594753 || BYOND v511
[16:18:10]ADMIN: S_Spy has started the game.
[16:18:10]ACCESS: Logout: *no key*/(S_Spy)
[16:18:10]ACCESS: Login: S_Spy/(Midnight Storm) from 127.0.0.1-516594753 || BYOND v511
[16:18:14]DEBUG: Next event of severity Mundane in 17.034 minutes.
[16:18:14]DEBUG: Next event of severity Moderate in 50.476 minutes.
[16:18:14]DEBUG: Next event of severity Major in 89.4433 minutes.
[16:18:27]EMOTE: mouse (523)/ : <B>The mouse (523)</B> shakes.
[16:18:36]GAME: <a href='?priv_msg=[0x5000000]'>S_Spy</a>/(Midnight Storm) has ghosted.
[16:18:36]ACCESS: Logout: *no key*/(Midnight Storm)
[16:18:36]ACCESS: Login: S_Spy/(Midnight Storm) from 127.0.0.1-516594753 || BYOND v511
[16:18:40]GAME: Midnight Storm/S_Spy used abandon mob.
[16:18:40]ACCESS: Logout: *no key*/(Midnight Storm)
[16:18:40]ACCESS: Login: S_Spy/(new player) from 127.0.0.1-516594753 || BYOND v511
[16:18:50]ACCESS: Logout: *no key*/(new player)
[16:18:50]ACCESS: Login: S_Spy/(Midnight Storm) from 127.0.0.1-516594753 || BYOND v511
[16:19:01]EMOTE: Runtime/ : <B>Runtime</B> shivers.
[16:19:09]SAY: grey baby slime (294)/ : Blop...
[16:19:17]EMOTE: Ian/ : <B>Ian</B> chases their tail
[16:19:21]SAY: mouse (523)/ : Squeek?
[16:19:31]SAY: Experiment 97d/ : Eh?
[16:19:35]EMOTE: mouse (62)/ : <B>The mouse (62)</B> shakes.
[16:19:49]EMOTE: Ian/ : <B>Ian</B> shivers.
[16:20:03]EMOTE: Ian/ : <B>Ian</B> chases their tail
[16:21:39]EMOTE: Experiment 97d/ : <B>Experiment 97d</B> shakes its head.
[16:22:09]SAY: Tom/ : Squeek?
[16:22:39]EMOTE: Experiment 97d/ : <B>Experiment 97d</B> brays.
[16:22:48]ADMIN: S_Spy/(Midnight Storm) modified chair's icon to icons/mob/pony_races/r_pegasus.dmi
[16:22:51]EMOTE: Ian/ : <B>Ian</B> dances around
[16:22:57]ADMIN: S_Spy/(Midnight Storm) modified chair's icon_state to wings_active
[16:22:59]EMOTE: crab/ : <B>The crab</B> clicks.
[16:23:15]EMOTE: Tom/ : <B>Tom</B> squeaks.
[16:23:20]EMOTE: crab/ : <B>The crab</B> clacks.
[16:23:33]EMOTE: Ian/ : <B>Ian</B> pants.
[16:23:43]EMOTE: Tom/ : <B>Tom</B> runs in a circle.
[16:23:56]SAY: Tom/ : Squeek!
[16:25:44]SAY: Runtime/ : Meow!
[16:26:08]EMOTE: crab/ : <B>The crab</B> clacks.
[16:27:32]SAY: Runtime/ : HSSSSS
[16:27:48]SAY: Runtime/ : Esp!
[16:28:08]EMOTE: mouse (62)/ : <B>The mouse (62)</B> squeeks.
[16:28:44]SAY: grey baby slime (294)/ : Blop...
[16:29:20]ACCESS: Logout: S_Spy/(Midnight Storm)


Starting up. 16:32.01
---------------------
[16:32:01]ADMIN: Loading jobban_rank
[16:32:01]ADMIN: jobban_keylist was empty
[16:32:01]ADMIN: Loading Banlist
[16:32:06]DEBUG: Rebuilding Master Controller
[16:32:43]ACCESS: Login: S_Spy/(S_Spy) from 127.0.0.1-516594753 || BYOND v511
[16:33:24]ADMIN: S_Spy has started the game.
[16:33:25]ACCESS: Logout: *no key*/(S_Spy)
[16:33:25]ACCESS: Login: S_Spy/(Ivy Ice) from 127.0.0.1-516594753 || BYOND v511
[16:33:29]DEBUG: Next event of severity Mundane in 12.084 minutes.
[16:33:29]DEBUG: Next event of severity Moderate in 44.926 minutes.
[16:33:29]DEBUG: Next event of severity Major in 94.7833 minutes.
[16:33:53]SAY: Tom/ : Squeek?
[16:34:19]EMOTE: Ian/ : <B>Ian</B> dances around
[16:34:39]EMOTE: Ian/ : <B>Ian</B> dances around
[16:34:45]EMOTE: Experiment 97d/ : <B>Experiment 97d</B> shakes its head.
[16:34:53]EMOTE: crab/ : <B>The crab</B> clicks.
[16:35:23]SAY: mouse (192)/ : Squeek!
[16:35:47]EMOTE: Ian/ : <B>Ian</B> chases their tail
[16:35:51]EMOTE: Ian/ : <B>Ian</B> dances around
[16:36:35]EMOTE: Ian/ : <B>Ian</B> chases their tail
[16:37:29]EMOTE: mouse (340)/ : <B>The mouse (340)</B> squeeks.
[16:37:29]EMOTE: mouse (966)/ : <B>The mouse (966)</B> runs in a circle.
[16:37:57]EMOTE: Experiment 97d/ : <B>Experiment 97d</B> glares around.
[16:38:21]SAY: Experiment 97d/ : Eh?
[16:38:47]EMOTE: Ian/ : <B>Ian</B> dances around
[16:39:29]SAY: grey baby slime (941)/ : Blop...
[16:41:41]EMOTE: Runtime/ : <B>Runtime</B> shakes their head.
[16:42:09]SAY: mouse (966)/ : Squeek?
[16:43:23]EMOTE: Tom/ : <B>Tom</B> shakes.
[16:45:05]ACCESS: Logout: S_Spy/(Ivy Ice)


Starting up. 16:53.37
---------------------
[16:53:37]ADMIN: Loading jobban_rank
[16:53:37]ADMIN: jobban_keylist was empty
[16:53:37]ADMIN: Loading Banlist
[16:53:42]DEBUG: Rebuilding Master Controller
[16:54:21]ACCESS: Login: S_Spy/(S_Spy) from 127.0.0.1-516594753 || BYOND v511
[16:54:45]ADMIN: S_Spy has started the game.
[16:54:45]ACCESS: Logout: *no key*/(S_Spy)
[16:54:45]ACCESS: Login: S_Spy/(Winter Candy) from 127.0.0.1-516594753 || BYOND v511
[16:54:48]EMOTE: mouse (330)/ : <B>The mouse (330)</B> runs in a circle.
[16:54:49]DEBUG: Next event of severity Mundane in 15.796 minutes.
[16:54:49]DEBUG: Next event of severity Moderate in 43.828 minutes.
[16:54:49]DEBUG: Next event of severity Major in 89.87 minutes.
[16:55:00]EMOTE: Experiment 68a/ : <B>Experiment 68a</B> clicks.
[16:55:29]ACCESS: Logout: S_Spy/(Winter Candy)
