

Starting up. 18:03.13
---------------------
[18:03:13]ADMIN: Loading jobban_rank
[18:03:13]ADMIN: jobban_keylist was empty
[18:03:13]ADMIN: Loading Banlist
[18:03:16]DEBUG: Rebuilding Master Controller
[18:04:50]ACCESS: Login: S_Spy/(S_Spy) from 127.0.0.1-516594753 || BYOND v511
[18:05:55]ACCESS: Logout: S_Spy/(S_Spy)


Starting up. 18:12.13
---------------------
[18:12:13]ADMIN: Loading jobban_rank
[18:12:13]ADMIN: jobban_keylist was empty
[18:12:13]ADMIN: Loading Banlist
[18:12:16]DEBUG: Rebuilding Master Controller
[18:12:36]ACCESS: Login: S_Spy/(S_Spy) from 127.0.0.1-516594753 || BYOND v511
[18:13:54]VOTE: Gamemode vote started by the server.
[18:13:54]DEBUG: The server has called a gamemode vote
[18:14:54]DEBUG: The server has called a gamemode vote
[18:14:54]VOTE: <b>Vote Result: Inconclusive - No Votes!</b>
[18:16:18]DEBUG: Next event of severity Mundane in 14.21 minutes.
[18:16:18]DEBUG: Next event of severity Moderate in 53.416 minutes.
[18:16:18]DEBUG: Next event of severity Major in 84.8017 minutes.
[18:16:18]SAY: mouse (198)/ : Squeek!
[18:16:30]EMOTE: mouse (189)/ : <B>The mouse (189)</B> squeeks.
[18:16:39]ACCESS: Logout: S_Spy/(S_Spy)


Starting up. 18:23.01
---------------------
[18:23:01]ADMIN: Loading jobban_rank
[18:23:01]ADMIN: jobban_keylist was empty
[18:23:01]ADMIN: Loading Banlist
[18:23:04]DEBUG: Rebuilding Master Controller
[18:23:23]ACCESS: Login: S_Spy/(S_Spy) from 127.0.0.1-516594753 || BYOND v511
[18:24:25]ACCESS: Logout: S_Spy/(S_Spy)


Starting up. 18:28.28
---------------------
[18:28:28]ADMIN: Loading jobban_rank
[18:28:28]ADMIN: jobban_keylist was empty
[18:28:28]ADMIN: Loading Banlist
[18:28:32]DEBUG: Rebuilding Master Controller
[18:30:09]ACCESS: Login: S_Spy/(S_Spy) from 127.0.0.1-516594753 || BYOND v511
[18:31:20]VOTE: Gamemode vote started by the server.
[18:31:20]DEBUG: The server has called a gamemode vote
[18:31:55]ADMIN: S_Spy has started the game.
[18:31:56]ACCESS: Logout: *no key*/(S_Spy)
[18:31:56]ACCESS: Login: S_Spy/(Winter Candy) from 127.0.0.1-516594753 || BYOND v511
[18:32:00]DEBUG: Next event of severity Mundane in 16.716 minutes.
[18:32:00]DEBUG: Next event of severity Moderate in 46.416 minutes.
[18:32:00]DEBUG: Next event of severity Major in 83.3183 minutes.
[18:32:07]SAY: mouse (226)/ : Squeek!
[18:32:50]EMOTE: Ian/ : <B>Ian</B> dances around
[18:33:06]SAY: mouse (133)/ : Squeek?
[18:33:46]EMOTE: Ian/ : <B>Ian</B> chases their tail
[18:34:00]EMOTE: mouse (226)/ : <B>The mouse (226)</B> squeeks.
[18:34:06]SAY: mouse (226)/ : SQUEEK!
[18:34:06]EMOTE: Runtime/ : <B>Runtime</B> meows.
[18:34:12]EMOTE: Ian/ : <B>Ian</B> dances around
[18:34:16]SAY: mouse (857)/ : Squeek!
[18:34:54]ACCESS: Logout: S_Spy/(Winter Candy)
[18:36:47]ACCESS: Login: S_Spy/(Winter Candy) from 127.0.0.1-516594753 || BYOND v511
[18:36:57]ACCESS: Logout: S_Spy/(Winter Candy)


Starting up. 18:46.06
---------------------
[18:46:07]ADMIN: Loading jobban_rank
[18:46:07]ADMIN: jobban_keylist was empty
[18:46:07]ADMIN: Loading Banlist
[18:46:13]DEBUG: Rebuilding Master Controller
[18:47:28]ACCESS: Login: S_Spy/(S_Spy) from 127.0.0.1-516594753 || BYOND v511
[18:48:46]VOTE: Gamemode vote started by the server.
[18:48:46]DEBUG: The server has called a gamemode vote
[18:48:51]ADMIN: S_Spy has started the game.
[18:48:51]ACCESS: Logout: *no key*/(S_Spy)
[18:48:51]ACCESS: Login: S_Spy/(Winter Candy) from 127.0.0.1-516594753 || BYOND v511
[18:48:53]SAY: Runtime/ : Esp!
[18:48:55]DEBUG: Next event of severity Mundane in 17.554 minutes.
[18:48:55]DEBUG: Next event of severity Moderate in 52.862 minutes.
[18:48:55]DEBUG: Next event of severity Major in 99.2133 minutes.
[18:48:58]EMOTE: Ian/ : <B>Ian</B> woofs.
[18:49:14]EMOTE: Ian/ : <B>Ian</B> chases their tail
[18:49:39]EMOTE: Ian/ : <B>Ian</B> dances around
[18:49:55]EMOTE: mouse (868)/ : <B>The mouse (868)</B> shakes.
[18:49:59]EMOTE: Ian/ : <B>Ian</B> dances around
[18:50:17]SAY: mouse (808)/ : SQUEEK!
[18:50:31]EMOTE: mouse (54)/ : <B>The mouse (54)</B> scritches at something.
[18:50:51]EMOTE: mouse (824)/ : <B>The mouse (824)</B> scritches at something.
[18:53:24]SAY: Runtime/ : Purr!
[18:53:52]EMOTE: Ian/ : <B>Ian</B> chases their tail
[18:53:55]ACCESS: Logout: S_Spy/(Winter Candy)


Starting up. 19:10.47
---------------------
[19:10:47]ADMIN: Loading jobban_rank
[19:10:47]ADMIN: jobban_keylist was empty
[19:10:47]ADMIN: Loading Banlist
[19:10:51]DEBUG: Rebuilding Master Controller
[19:18:12]ACCESS: Login: S_Spy/(S_Spy) from 127.0.0.1-516594753 || BYOND v511
[19:19:15]ADMIN: S_Spy has started the game.
[19:19:16]ACCESS: Logout: *no key*/(S_Spy)
[19:19:16]ACCESS: Login: S_Spy/(Winter Candy) from 127.0.0.1-516594753 || BYOND v511
[19:19:20]DEBUG: Next event of severity Mundane in 12.626 minutes.
[19:19:20]DEBUG: Next event of severity Moderate in 53.01 minutes.
[19:19:20]DEBUG: Next event of severity Major in 84.1217 minutes.
[19:20:00]EMOTE: mouse (152)/ : <B>The mouse (152)</B> squiks.
[19:23:05]SAY: mouse (152)/ : Squeek?
[19:24:16]EMOTE: Ian/ : <B>Ian</B> chases their tail
[19:24:16]SAY: mouse (663)/ : Squeek?
[19:24:20]SAY: grey baby slime (816)/ : Blop...
[19:24:24]EMOTE: Ian/ : <B>Ian</B> barks.
[19:25:19]SAY: grey baby slime (492)/ : Blop...
[19:25:25]EMOTE: mouse (152)/ : <B>The mouse (152)</B> squeaks.
[19:28:30]EMOTE: Runtime/ : <B>Runtime</B> mews.
[19:28:43]ACCESS: Logout: S_Spy/(Winter Candy)


Starting up. 21:09.32
---------------------
[21:09:32]ADMIN: Loading jobban_rank
[21:09:32]ADMIN: jobban_keylist was empty
[21:09:32]ADMIN: Loading Banlist
[21:09:35]DEBUG: Rebuilding Master Controller
