

Starting up. 11:00.35
---------------------
[11:00:35]ADMIN: Loading jobban_rank
[11:00:35]ADMIN: jobban_keylist was empty
[11:00:35]ADMIN: Loading Banlist
[11:00:38]DEBUG: Rebuilding Master Controller
[11:01:13]ACCESS: Login: S_Spy/(S_Spy) from 127.0.0.1-516594753 || BYOND v511
[11:02:24]VOTE: Gamemode vote started by the server.
[11:02:24]DEBUG: The server has called a gamemode vote
[11:03:24]DEBUG: The server has called a gamemode vote
[11:03:24]VOTE: <b>Vote Result: Inconclusive - No Votes!</b>
[11:04:49]DEBUG: Next event of severity Mundane in 13.51 minutes.
[11:04:49]DEBUG: Next event of severity Moderate in 45.24 minutes.
[11:04:49]DEBUG: Next event of severity Major in 99.94 minutes.
[11:05:06]EMOTE: Runtime/ : <B>Runtime</B> mews.
[11:05:48]EMOTE: Ian/ : <B>Ian</B> yaps.
[11:06:16]EMOTE: Ian/ : <B>Ian</B> dances around
[11:06:24]EMOTE: Ian/ : <B>Ian</B> chases their tail
[11:06:50]SAY: Runtime/ : HSSSSS
[11:07:41]EMOTE: Ian/ : <B>Ian</B> dances around
[11:07:58]ACCESS: Logout: *no key*/(S_Spy)
[11:07:58]ACCESS: Login: S_Spy/(Winter Candy) from 127.0.0.1-516594753 || BYOND v511
[11:08:12]SAY: mouse (675)/ : SQUEEK!
[11:08:20]ADMIN: S_Spy/(Winter Candy) has used rudimentary transformation on S_Spy/(Winter Candy). Transforming to pony; deletemob=1
[11:09:28]SAY: mouse (299)/ : Squeek!
[11:10:25]SAY: Runtime/ : Purr!
[11:11:43]EMOTE: Ian/ : <B>Ian</B> dances around
[11:12:23]EMOTE: mouse (675)/ : <B>The mouse (675)</B> squiks.
[11:13:06]EMOTE: mouse (675)/ : <B>The mouse (675)</B> squeeks.
[11:13:56]EMOTE: Ian/ : <B>Ian</B> dances around
[11:14:06]EMOTE: Ian/ : <B>Ian</B> woofs.
[11:14:28]SAY: Runtime/ : HSSSSS
[11:15:18]EMOTE: Runtime/ : <B>Runtime</B> meows.
[11:15:45]EMOTE: Ian/ : <B>Ian</B> dances around
[14:19:09]DEBUG: Next event of severity Mundane in 13.154 minutes.
[14:19:09]DEBUG: Starting event 'Vermin Infestation' of severity Mundane.
[14:19:35]DEBUG: Event 'Vermin Infestation' has completed at 12:17.
[17:36:40]SAY: grey baby slime (41)/ : Lonely...
[17:36:40]EMOTE: mouse (712)/ : <B>The mouse (712)</B> squeeks.
[17:36:50]EMOTE: Ian/ : <B>Ian</B> chases their tail
[17:39:09]EMOTE: mouse (675)/ : <B>The mouse (675)</B> squiks.
[17:39:15]EMOTE: Ian/ : <B>Ian</B> chases their tail
[17:39:23]SAY: Ian/ : Bark!
[17:39:25]EMOTE: Ian/ : <B>Ian</B> chases their tail
[17:39:47]EMOTE: Ian/ : <B>Ian</B> dances around
[17:40:07]SAY: Ian/ : YAP
[17:40:35]EMOTE: mouse (675)/ : <B>The mouse (675)</B> squeeks.
[17:42:43]EMOTE: Ian/ : <B>Ian</B> shivers.
[17:43:05]SAY: mouse (675)/ : Squeek?
[17:43:55]SAY: grey baby slime (447)/ : Blop...
[17:45:22]ACCESS: Logout: S_Spy/(changeling queen (1))


Starting up. 17:45.58
---------------------
[17:45:59]ADMIN: Loading jobban_rank
[17:45:59]ADMIN: jobban_keylist was empty
[17:45:59]ADMIN: Loading Banlist
[17:46:01]DEBUG: Rebuilding Master Controller
[17:46:18]ACCESS: Login: S_Spy/(S_Spy) from 127.0.0.1-516594753 || BYOND v511
[17:46:29]ADMIN: S_Spy has started the game.
[17:46:29]ACCESS: Logout: *no key*/(S_Spy)
[17:46:29]ACCESS: Login: S_Spy/(Winter Candy) from 127.0.0.1-516594753 || BYOND v511
[17:46:32]DEBUG: Next event of severity Mundane in 15.056 minutes.
[17:46:32]DEBUG: Next event of severity Moderate in 37.02 minutes.
[17:46:32]DEBUG: Next event of severity Major in 97.3267 minutes.
[17:46:55]SAY: Runtime/ : Purr!
[17:47:01]ADMIN: S_Spy/(Winter Candy) made S_Spy/(Winter Candy) drop everything!
[17:47:03]EMOTE: mouse (694)/ : <B>The mouse (694)</B> squiks.
[17:47:21]SAY: mouse (963)/ : SQUEEK!
[17:47:21]EMOTE: Ian/ : <B>Ian</B> woofs.
[17:47:29]EMOTE: mouse (694)/ : <B>The mouse (694)</B> squiks.
[17:47:41]SAY: mouse (471)/ : SQUEEK!
[17:48:01]EMOTE: mouse (602)/ : <B>The mouse (602)</B> squiks.
[17:48:09]EMOTE: mouse (963)/ : <B>The mouse (963)</B> squiks.
[17:48:40]ACCESS: Logout: S_Spy/(changeling queen (1))


Starting up. 17:56.03
---------------------
[17:56:03]ADMIN: Loading jobban_rank
[17:56:03]ADMIN: jobban_keylist was empty
[17:56:03]ADMIN: Loading Banlist
[17:56:06]DEBUG: Rebuilding Master Controller
[17:57:26]ACCESS: Login: S_Spy/(S_Spy) from 127.0.0.1-516594753 || BYOND v511
[17:58:05]ADMIN: S_Spy has started the game.
[17:58:05]ACCESS: Logout: *no key*/(S_Spy)
[17:58:05]ACCESS: Login: S_Spy/(Winter Candy) from 127.0.0.1-516594753 || BYOND v511
[17:58:06]ACCESS: Logout: *no key*/(Winter Candy)
[17:58:06]ACCESS: Login: S_Spy/(Default Cyborg-889) from 127.0.0.1-516594753 || BYOND v511
[17:58:07]EMOTE: mouse (198)/ : <B>The mouse (198)</B> squeeks.
[17:58:09]DEBUG: Next event of severity Mundane in 16 minutes.
[17:58:09]DEBUG: Next event of severity Moderate in 42.918 minutes.
[17:58:09]DEBUG: Next event of severity Major in 97.3733 minutes.
[17:58:19]EMOTE: Runtime/ : <B>Runtime</B> shivers.
[17:58:27]ADMIN: S_Spy/(1) has used rudimentary transformation on S_Spy/(1). Transforming to Earthpony; deletemob=1
[17:58:27]ACCESS: Logout: *no key*/(1)
[17:58:27]ACCESS: Login: S_Spy/(1) from 127.0.0.1-516594753 || BYOND v511
[17:58:42]EMOTE: mouse (389)/ : <B>The mouse (389)</B> squiks.
[17:59:41]SAY: mouse (88)/ : Squeek!
[17:59:45]SAY: mouse (34)/ : SQUEEK!
[17:59:53]SAY: Ian/ : Woof!
[17:59:53]EMOTE: Ian/ : <B>Ian</B> dances around
[18:00:06]EMOTE: mouse (61)/ : <B>The mouse (61)</B> squiks.
[18:00:12]EMOTE: Tom/ : <B>Tom</B> squeaks.
[18:00:16]EMOTE: mouse (34)/ : <B>The mouse (34)</B> scritches at something.
[18:00:46]EMOTE: mouse (88)/ : <B>The mouse (88)</B> shakes.
[18:00:48]EMOTE: mouse (88)/ : <B>The mouse (88)</B> squiks.
[18:00:56]EMOTE: mouse (61)/ : <B>The mouse (61)</B> scritches at something.
[18:01:12]SAY: mouse (198)/ : Squeek?
[18:01:18]EMOTE: Ian/ : <B>Ian</B> chases their tail
[18:01:40]SAY: grey baby slime (191)/ : Blorble...
[18:02:41]EMOTE: mouse (548)/ : <B>The mouse (548)</B> squeaks.
[18:04:28]ACCESS: Logout: S_Spy/(changeling drone (1))


Starting up. 18:14.34
---------------------
[18:14:34]ADMIN: Loading jobban_rank
[18:14:34]ADMIN: jobban_keylist was empty
[18:14:34]ADMIN: Loading Banlist
[18:14:36]DEBUG: Rebuilding Master Controller


Starting up. 18:17.26
---------------------
[18:17:26]ADMIN: Loading jobban_rank
[18:17:26]ADMIN: jobban_keylist was empty
[18:17:26]ADMIN: Loading Banlist
[18:17:28]DEBUG: Rebuilding Master Controller
[18:20:38]ACCESS: Login: S_Spy/(S_Spy) from 127.0.0.1-516594753 || BYOND v511
[18:21:05]ADMIN: S_Spy has started the game.
[18:21:06]ACCESS: Logout: *no key*/(S_Spy)
[18:21:06]ACCESS: Login: S_Spy/(Winter Candy) from 127.0.0.1-516594753 || BYOND v511
[18:21:09]DEBUG: Next event of severity Mundane in 14.224 minutes.
[18:21:09]DEBUG: Next event of severity Moderate in 53.826 minutes.
[18:21:09]DEBUG: Next event of severity Major in 90.565 minutes.
[18:21:22]ADMIN: S_Spy/(Winter Candy) made S_Spy/(Winter Candy) drop everything!
[18:22:38]EMOTE: Ian/ : <B>Ian</B> yaps.
[18:23:41]EMOTE: Ian/ : <B>Ian</B> dances around
[18:24:25]EMOTE: mouse (14)/ : <B>The mouse (14)</B> shakes.
[18:24:35]SAY: mouse (77)/ : Squeek!
[18:24:45]EMOTE: mouse (77)/ : <B>The mouse (77)</B> squiks.
[18:25:11]EMOTE: Ian/ : <B>Ian</B> dances around
[18:25:31]SAY: Runtime/ : Esp!
[18:25:33]EMOTE: mouse (77)/ : <B>The mouse (77)</B> squeeks.
[18:25:51]EMOTE: Ian/ : <B>Ian</B> dances around
[18:26:45]SAY: Ian/ : Bark!
[18:28:00]EMOTE: Ian/ : <B>Ian</B> pants.
[18:34:16]EMOTE: mouse (477)/ : <B>The mouse (477)</B> runs in a circle.
[18:34:24]SAY: Ian/ : AUUUUUU
[18:35:46]EMOTE: Ian/ : <B>Ian</B> chases their tail
[18:36:22]EMOTE: mouse (14)/ : <B>The mouse (14)</B> scritches at something.
[18:38:12]SAY: grey baby slime (22)/ : Lonely...
[18:38:31]EMOTE: mouse (14)/ : <B>The mouse (14)</B> shakes.
[18:38:36]EMOTE: Ian/ : <B>Ian</B> dances around
[18:39:18]EMOTE: Ian/ : <B>Ian</B> dances around
[18:39:20]DEBUG: Next event of severity Mundane in 17.522 minutes.
[18:39:21]DEBUG: Starting event 'Nothing' of severity Mundane.
[18:39:23]DEBUG: Event 'Nothing' has completed at 12:14.
[18:41:05]EMOTE: Ian/ : <B>Ian</B> yaps.
[18:41:24]EMOTE: Ian/ : <B>Ian</B> chases their tail
[18:42:34]EMOTE: mouse (477)/ : <B>The mouse (477)</B> squeeks.
[18:46:03]SAY: Runtime/ : Esp!
[18:47:36]EMOTE: Ian/ : <B>Ian</B> yaps.
[18:48:21]EMOTE: Ian/ : <B>Ian</B> dances around
[18:50:35]EMOTE: Ian/ : <B>Ian</B> dances around
[18:50:59]EMOTE: Ian/ : <B>Ian</B> dances around
[18:51:36]EMOTE: Ian/ : <B>Ian</B> barks.
[18:51:55]SAY: grey baby slime (993)/ : Blorble...
[18:54:56]SAY: Runtime/ : Purr!
[18:56:44]EMOTE: Ian/ : <B>Ian</B> dances around
[18:57:40]EMOTE: Ian/ : <B>Ian</B> pants.
[19:00:21]EMOTE: Ian/ : <B>Ian</B> barks.
[19:03:57]DEBUG: Next event of severity Mundane in 14.052 minutes.
[19:03:57]DEBUG: Starting event 'Economic News' of severity Mundane.
[19:04:01]EMOTE: Ian/ : <B>Ian</B> chases their tail
[19:06:13]SAY: Ian/ : YAP
[19:07:08]SAY: Runtime/ : Purr!
[19:07:47]DEBUG: Event 'Economic News' has completed at 12:34.
[19:08:08]SAY: Runtime/ : Meow!
[19:11:47]SAY: Runtime/ : HSSSSS
[19:13:41]SAY: Runtime/ : Esp!
[19:15:20]EMOTE: Ian/ : <B>Ian</B> pants.
[19:19:27]ACCESS: Logout: S_Spy/(changeling queen (1))


Starting up. 19:46.36
---------------------
[19:46:37]ADMIN: Loading jobban_rank
[19:46:37]ADMIN: jobban_keylist was empty
[19:46:37]ADMIN: Loading Banlist
[19:46:40]DEBUG: Rebuilding Master Controller
[19:47:50]ACCESS: Login: S_Spy/(S_Spy) from 127.0.0.1-516594753 || BYOND v511
[19:49:06]VOTE: Gamemode vote started by the server.
[19:49:06]DEBUG: The server has called a gamemode vote
[19:49:58]ADMIN: S_Spy has started the game.
[19:49:58]ACCESS: Logout: *no key*/(S_Spy)
[19:49:58]ACCESS: Login: S_Spy/(Winter Candy) from 127.0.0.1-516594753 || BYOND v511
[19:50:04]DEBUG: Next event of severity Mundane in 12.816 minutes.
[19:50:04]DEBUG: Next event of severity Moderate in 38.262 minutes.
[19:50:04]DEBUG: Next event of severity Major in 80.445 minutes.
[19:50:23]ADMIN: S_Spy/(Winter Candy) made S_Spy/(Winter Candy) drop everything!
[19:50:33]EMOTE: mouse (775)/ : <B>The mouse (775)</B> runs in a circle.
[19:50:35]EMOTE: Ian/ : <B>Ian</B> chases their tail
[19:51:12]EMOTE: mouse (375)/ : <B>The mouse (375)</B> shakes.
[19:53:12]SAY: mouse (402)/ : Squeek!
[19:54:51]EMOTE: Ian/ : <B>Ian</B> chases their tail
[19:55:03]EMOTE: mouse (402)/ : <B>The mouse (402)</B> squiks.
[19:55:33]EMOTE: Ian/ : <B>Ian</B> dances around
[19:55:35]SAY: Runtime/ : Esp!
[19:56:24]SAY: mouse (402)/ : Squeek?
[19:56:50]EMOTE: Ian/ : <B>Ian</B> chases their tail
[19:57:34]EMOTE: mouse (402)/ : <B>The mouse (402)</B> squiks.
[19:59:15]EMOTE: Ian/ : <B>Ian</B> dances around
[20:00:08]EMOTE: Ian/ : <B>Ian</B> chases their tail
[20:00:50]ACCESS: Logout: S_Spy/(changeling queen (1))


Starting up. 20:06.46
---------------------
[20:06:47]ADMIN: Loading jobban_rank
[20:06:47]ADMIN: jobban_keylist was empty
[20:06:47]ADMIN: Loading Banlist
[20:06:52]DEBUG: Rebuilding Master Controller
[20:08:27]ACCESS: Login: S_Spy/(S_Spy) from 127.0.0.1-516594753 || BYOND v511
[20:08:56]ADMIN: S_Spy has started the game.
[20:08:56]ACCESS: Logout: *no key*/(S_Spy)
[20:08:56]ACCESS: Login: S_Spy/(Winter Candy) from 127.0.0.1-516594753 || BYOND v511
[20:09:01]DEBUG: Next event of severity Mundane in 15.412 minutes.
[20:09:01]DEBUG: Next event of severity Moderate in 49.21 minutes.
[20:09:01]DEBUG: Next event of severity Major in 97.1483 minutes.
[20:09:09]ADMIN: S_Spy/(Winter Candy) made S_Spy/(Winter Candy) drop everything!
[20:09:09]EMOTE: mouse (9)/ : <B>The mouse (9)</B> squeaks.
[20:09:17]EMOTE: Ian/ : <B>Ian</B> chases their tail
[20:13:01]SAY: Ian/ : AUUUUUU
[20:13:43]EMOTE: Tom/ : <B>Tom</B> runs in a circle.
[20:13:45]SAY: grey baby slime (863)/ : Lonely...
[20:14:27]EMOTE: Ian/ : <B>Ian</B> dances around
[20:14:55]EMOTE: Ian/ : <B>Ian</B> chases their tail
[20:16:46]EMOTE: mouse (865)/ : <B>The mouse (865)</B> scritches at something.
[20:16:56]EMOTE: Runtime/ : <B>Runtime</B> meows.
[20:17:16]SAY: Ian/ : YAP
[20:17:46]EMOTE: Ian/ : <B>Ian</B> dances around
[20:17:58]EMOTE: Runtime/ : <B>Runtime</B> shivers.
[20:18:05]EMOTE: Runtime/ : <B>Runtime</B> meows.
[20:18:50]SAY: grey baby slime (863)/ : Blorble...
[20:19:26]SAY: grey baby slime (365)/ : Blorble...
[20:19:40]SAY: Ian/ : Woof!
[20:19:42]SAY: grey baby slime (365)/ : Blorble...
[20:19:53]EMOTE: Ian/ : <B>Ian</B> dances around
[20:20:05]EMOTE: Tom/ : <B>Tom</B> squeeks.
[20:23:06]ACCESS: Logout: S_Spy/(changeling queen (1))
