

Starting up. 16:18.24
---------------------
[16:18:24]ADMIN: Loading jobban_rank
[16:18:24]ADMIN: jobban_keylist was empty
[16:18:24]ADMIN: Loading Banlist
[16:18:27]DEBUG: Rebuilding Master Controller
[16:19:14]ACCESS: Login: Guest-516594753/(Guest-516594753) from 127.0.0.1-516594753 || BYOND v511
[16:19:43]ACCESS: Logout: Guest-516594753/(Guest-516594753)
[16:22:33]ACCESS: Login: S_Spy/(S_Spy) from 127.0.0.1-516594753 || BYOND v511
[16:22:46]ADMIN: S_Spy has started the game.
[16:22:47]ACCESS: Logout: *no key*/(S_Spy)
[16:22:47]ACCESS: Login: S_Spy/(Winter Candy) from 127.0.0.1-516594753 || BYOND v511
[16:22:50]DEBUG: Next event of severity Mundane in 13.778 minutes.
[16:22:50]DEBUG: Next event of severity Moderate in 46.908 minutes.
[16:22:50]DEBUG: Next event of severity Major in 80.9233 minutes.
[16:22:57]ADMIN: S_Spy/(Winter Candy) has used rudimentary transformation on S_Spy/(Winter Candy). Transforming to pony; deletemob=1
[16:23:05]ADMIN: S_Spy/(Winter Candy) made S_Spy/(Winter Candy) drop everything!
[16:23:09]EMOTE: mouse (151)/ : <B>The mouse (151)</B> scritches at something.
[16:23:17]EMOTE: mouse (184)/ : <B>The mouse (184)</B> runs in a circle.
[16:24:31]EMOTE: Ian/ : <B>Ian</B> pants.
[16:25:01]EMOTE: Tom/ : <B>Tom</B> squeeks.
[16:25:41]EMOTE: mouse (655)/ : <B>The mouse (655)</B> squeaks.
[16:26:11]EMOTE: mouse (250)/ : <B>The mouse (250)</B> squiks.
[16:27:43]SAY: grey baby slime (426)/ : Lonely...
[16:27:49]SAY: mouse (184)/ : Squeek?
[16:28:10]ACCESS: Logout: S_Spy/(changeling queen (1))


Starting up. 16:28.32
---------------------
[16:28:33]ADMIN: Loading jobban_rank
[16:28:33]ADMIN: jobban_keylist was empty
[16:28:33]ADMIN: Loading Banlist
[16:28:36]DEBUG: Rebuilding Master Controller
[16:29:04]ACCESS: Login: S_Spy/(S_Spy) from 127.0.0.1-516594753 || BYOND v511
[16:30:07]ADMIN: S_Spy has started the game.
[16:30:07]ACCESS: Logout: *no key*/(S_Spy)
[16:30:07]ACCESS: Login: S_Spy/(Winter Candy) from 127.0.0.1-516594753 || BYOND v511
[16:30:11]DEBUG: Next event of severity Mundane in 14.14 minutes.
[16:30:11]DEBUG: Next event of severity Moderate in 46.448 minutes.
[16:30:11]DEBUG: Next event of severity Major in 85.9417 minutes.
[16:30:17]ADMIN: S_Spy/(Winter Candy) made S_Spy/(Winter Candy) drop everything!
[16:30:40]EMOTE: mouse (845)/ : <B>The mouse (845)</B> squeaks.
[16:31:06]EMOTE: mouse (229)/ : <B>The mouse (229)</B> shakes.
[16:31:14]EMOTE: mouse (229)/ : <B>The mouse (229)</B> shakes.
[16:31:54]ADMIN: S_Spy/(changeling queen (1)) modified changeling queen (1)'s b_hair to 0
[16:32:02]ADMIN: S_Spy/(changeling queen (1)) modified changeling queen (1)'s g_hair to 0
[16:32:10]ADMIN: S_Spy/(changeling queen (1)) modified changeling queen (1)'s r_hair to 0
[16:32:40]EMOTE: Ian/ : <B>Ian</B> dances around
[16:34:11]EMOTE: mouse (609)/ : <B>The mouse (609)</B> runs in a circle.
[16:35:43]EMOTE: mouse (888)/ : <B>The mouse (888)</B> runs in a circle.
[16:35:45]EMOTE: mouse (978)/ : <B>The mouse (978)</B> squiks.
[16:36:25]ACCESS: Logout: S_Spy/(changeling queen (1))


Starting up. 16:38.53
---------------------
[16:38:54]ADMIN: Loading jobban_rank
[16:38:54]ADMIN: jobban_keylist was empty
[16:38:54]ADMIN: Loading Banlist
[16:38:58]DEBUG: Rebuilding Master Controller


Starting up. 16:39.47
---------------------
[16:39:48]ADMIN: Loading jobban_rank
[16:39:48]ADMIN: jobban_keylist was empty
[16:39:48]ADMIN: Loading Banlist
[16:39:50]DEBUG: Rebuilding Master Controller
[16:40:50]ACCESS: Login: S_Spy/(S_Spy) from 127.0.0.1-516594753 || BYOND v511
[16:41:15]ADMIN: S_Spy has started the game.
[16:41:16]ACCESS: Logout: *no key*/(S_Spy)
[16:41:16]ACCESS: Login: S_Spy/(Winter Candy) from 127.0.0.1-516594753 || BYOND v511
[16:41:19]DEBUG: Next event of severity Mundane in 13.826 minutes.
[16:41:19]DEBUG: Next event of severity Moderate in 43.18 minutes.
[16:41:19]DEBUG: Next event of severity Major in 97.55 minutes.
[16:41:29]ADMIN: S_Spy/(Winter Candy) has used rudimentary transformation on S_Spy/(Winter Candy). Transforming to pony; deletemob=1
[16:41:34]SAY: Runtime/ : HSSSSS
[16:41:40]ADMIN: S_Spy/(Winter Candy) made S_Spy/(Winter Candy) drop everything!
[16:42:51]EMOTE: mouse (601)/ : <B>The mouse (601)</B> squeaks.
[16:42:55]EMOTE: mouse (186)/ : <B>The mouse (186)</B> runs in a circle.
[16:43:13]EMOTE: mouse (220)/ : <B>The mouse (220)</B> squiks.
[16:43:43]EMOTE: mouse (335)/ : <B>The mouse (335)</B> squeaks.
[16:43:45]EMOTE: Ian/ : <B>Ian</B> pants.
[16:44:00]SAY: mouse (186)/ : Squeek?
[16:44:13]ACCESS: Logout: S_Spy/(changeling queen (1))


Starting up. 16:50.52
---------------------
[16:50:53]ADMIN: Loading jobban_rank
[16:50:53]ADMIN: jobban_keylist was empty
[16:50:53]ADMIN: Loading Banlist
[16:50:55]DEBUG: Rebuilding Master Controller
[17:11:14]ACCESS: Login: S_Spy/(S_Spy) from 127.0.0.1-516594753 || BYOND v511
[17:11:32]ADMIN: S_Spy has started the game.
[17:11:33]ACCESS: Logout: *no key*/(S_Spy)
[17:11:33]ACCESS: Login: S_Spy/(Winter Candy) from 127.0.0.1-516594753 || BYOND v511
[17:11:36]DEBUG: Next event of severity Mundane in 16.888 minutes.
[17:11:36]DEBUG: Next event of severity Moderate in 36.548 minutes.
[17:11:36]DEBUG: Next event of severity Major in 89.015 minutes.
[17:11:43]EMOTE: mouse (770)/ : <B>The mouse (770)</B> shakes.
[17:11:46]ADMIN: S_Spy/(Winter Candy) made S_Spy/(Winter Candy) drop everything!
[17:11:53]EMOTE: Tom/ : <B>Tom</B> squiks.
[17:11:59]SAY: mouse (455)/ : Squeek?
[17:12:54]EMOTE: mouse (455)/ : <B>The mouse (455)</B> shakes.
[17:13:42]EMOTE: mouse (770)/ : <B>The mouse (770)</B> runs in a circle.
[17:15:33]EMOTE: Ian/ : <B>Ian</B> yaps.
[17:16:19]EMOTE: mouse (111)/ : <B>The mouse (111)</B> runs in a circle.
[17:16:29]EMOTE: Ian/ : <B>Ian</B> dances around
[17:16:59]EMOTE: Ian/ : <B>Ian</B> dances around
[17:17:13]SAY: grey baby slime (538)/ : Lonely...
[17:17:23]EMOTE: mouse (286)/ : <B>The mouse (286)</B> squeaks.
[17:17:43]ACCESS: Logout: S_Spy/(changeling queen (1))


Starting up. 18:08.41
---------------------
[18:08:41]ADMIN: Loading jobban_rank
[18:08:41]ADMIN: jobban_keylist was empty
[18:08:41]ADMIN: Loading Banlist
[18:08:44]DEBUG: Rebuilding Master Controller
[18:10:51]ACCESS: Login: S_Spy/(S_Spy) from 127.0.0.1-516594753 || BYOND v511
[18:11:06]ADMIN: S_Spy has started the game.
[18:11:10]DEBUG: Next event of severity Mundane in 14.918 minutes.
[18:11:10]DEBUG: Next event of severity Moderate in 50.272 minutes.
[18:11:10]DEBUG: Next event of severity Major in 88.805 minutes.
[18:11:13]ACCESS: Logout: *no key*/(S_Spy)
[18:11:13]ACCESS: Login: S_Spy/(Winter Candy) from 127.0.0.1-516594753 || BYOND v511
[18:11:21]EMOTE: mouse (481)/ : <B>The mouse (481)</B> squeeks.
[18:11:31]ADMIN: S_Spy/(Winter Candy) made S_Spy/(Winter Candy) drop everything!
[18:11:50]EMOTE: Ian/ : <B>Ian</B> woofs.
[18:11:52]SAY: mouse (450)/ : Squeek?
[18:12:10]SAY: mouse (425)/ : Squeek!
[18:12:48]EMOTE: mouse (481)/ : <B>The mouse (481)</B> runs in a circle.
[18:13:25]ADMIN: S_Spy/(changeling queen (1)) teleported *no key*/(Tom (553))
[18:13:59]ADMIN: S_Spy/(changeling queen (1)) created 1 /mob/living/carbon/pony/unicorn
[18:16:08]EMOTE: Runtime/ : <B>Runtime</B> shakes their head.
[18:16:22]EMOTE: Ian/ : <B>Ian</B> dances around
[18:17:30]EMOTE: Ian/ : <B>Ian</B> chases their tail
[18:19:55]EMOTE: Ian/ : <B>Ian</B> barks.
[18:22:00]EMOTE: Ian/ : <B>Ian</B> chases their tail
[18:24:28]SAY: grey baby slime (843)/ : Rawr...
[18:24:50]SAY: Runtime/ : HSSSSS
[18:25:18]SAY: grey baby slime (508)/ : Lonely...
[18:25:24]EMOTE: Ian/ : <B>Ian</B> dances around
[18:26:18]EMOTE: Ian/ : <B>Ian</B> barks.
[18:27:11]DEBUG: Next event of severity Mundane in 17.97 minutes.
[18:27:11]DEBUG: Starting event 'Trivial News' of severity Mundane.
[18:27:33]DEBUG: Event 'Trivial News' has completed at 12:15.
[18:28:48]ACCESS: Logout: S_Spy/(changeling queen (1))


Starting up. 18:30.39
---------------------
[18:30:39]ADMIN: Loading jobban_rank
[18:30:39]ADMIN: jobban_keylist was empty
[18:30:39]ADMIN: Loading Banlist
[18:30:42]DEBUG: Rebuilding Master Controller
[18:31:17]ACCESS: Login: S_Spy/(S_Spy) from 127.0.0.1-516594753 || BYOND v511
[18:32:28]VOTE: Gamemode vote started by the server.
[18:32:28]DEBUG: The server has called a gamemode vote
[18:32:46]ADMIN: S_Spy has started the game.
[18:32:50]DEBUG: Next event of severity Mundane in 12.574 minutes.
[18:32:50]DEBUG: Next event of severity Moderate in 43.444 minutes.
[18:32:50]DEBUG: Next event of severity Major in 80.1283 minutes.
[18:32:51]ACCESS: Logout: *no key*/(S_Spy)
[18:32:51]ACCESS: Login: S_Spy/(Winter Candy) from 127.0.0.1-516594753 || BYOND v511
[18:33:05]ADMIN: S_Spy/(Winter Candy) made S_Spy/(Winter Candy) drop everything!
[18:33:29]SAY: mouse (997)/ : Squeek!
[18:33:29]SAY: grey baby slime (266)/ : Rawr...
[18:33:46]ADMIN: S_Spy/(Winter Candy) created 1 /mob/living/carbon/pony/unicorn
[18:33:49]EMOTE: Runtime/ : <B>Runtime</B> mews.
[18:34:47]EMOTE: Runtime/ : <B>Runtime</B> meows.
[18:35:00]ACCESS: Logout: S_Spy/(Winter Candy)


Starting up. 18:37.38
---------------------
[18:37:38]ADMIN: Loading jobban_rank
[18:37:38]ADMIN: jobban_keylist was empty
[18:37:38]ADMIN: Loading Banlist
[18:37:42]DEBUG: Rebuilding Master Controller


Starting up. 18:41.36
---------------------
[18:41:36]ADMIN: Loading jobban_rank
[18:41:36]ADMIN: jobban_keylist was empty
[18:41:36]ADMIN: Loading Banlist
[18:41:39]DEBUG: Rebuilding Master Controller
[18:42:29]ACCESS: Login: S_Spy/(S_Spy) from 127.0.0.1-516594753 || BYOND v511
[18:42:52]ADMIN: S_Spy has started the game.
[18:42:56]DEBUG: Next event of severity Mundane in 15.11 minutes.
[18:42:56]DEBUG: Next event of severity Moderate in 48.88 minutes.
[18:42:56]DEBUG: Next event of severity Major in 87.36 minutes.
[18:43:02]ACCESS: Logout: *no key*/(S_Spy)
[18:43:02]ACCESS: Login: S_Spy/(Winter Candy) from 127.0.0.1-516594753 || BYOND v511
[18:43:05]SAY: Ian/ : YAP
[18:43:15]ADMIN: S_Spy/(Winter Candy) made S_Spy/(Winter Candy) drop everything!
[18:44:41]EMOTE: mouse (971)/ : <B>The mouse (971)</B> scritches at something.
[18:45:44]EMOTE: mouse (718)/ : <B>The mouse (718)</B> squeaks.
[18:45:46]EMOTE: Ian/ : <B>Ian</B> chases their tail
[18:45:59]ACCESS: Logout: S_Spy/(changeling queen (1))


Starting up. 18:48.08
---------------------
[18:48:09]ADMIN: Loading jobban_rank
[18:48:09]ADMIN: jobban_keylist was empty
[18:48:09]ADMIN: Loading Banlist
[18:48:11]DEBUG: Rebuilding Master Controller


Starting up. 19:10.22
---------------------
[19:10:22]ADMIN: Loading jobban_rank
[19:10:22]ADMIN: jobban_keylist was empty
[19:10:22]ADMIN: Loading Banlist
[19:10:25]DEBUG: Rebuilding Master Controller
[19:12:08]ACCESS: Login: S_Spy/(S_Spy) from 127.0.0.1-516594753 || BYOND v511
[19:12:14]ADMIN: S_Spy has started the game.
[19:12:18]DEBUG: Next event of severity Mundane in 15.148 minutes.
[19:12:18]DEBUG: Next event of severity Moderate in 36.774 minutes.
[19:12:18]DEBUG: Next event of severity Major in 83.0583 minutes.
[19:12:22]ACCESS: Logout: *no key*/(S_Spy)
[19:12:22]ACCESS: Login: S_Spy/(Winter Candy) from 127.0.0.1-516594753 || BYOND v511
[19:12:49]SAY: Runtime/ : Esp!
[19:12:57]ADMIN: S_Spy/(Winter Candy) created 1 /mob/living/carbon/pony/unicorn
[19:13:59]ACCESS: Logout: S_Spy/(Winter Candy)


Starting up. 19:56.36
---------------------
[19:56:36]ADMIN: Loading jobban_rank
[19:56:36]ADMIN: jobban_keylist was empty
[19:56:36]ADMIN: Loading Banlist
[19:56:39]DEBUG: Rebuilding Master Controller
[19:58:15]ACCESS: Login: S_Spy/(S_Spy) from 127.0.0.1-516594753 || BYOND v511
[19:58:34]ADMIN: S_Spy has started the game.
[19:58:38]DEBUG: Next event of severity Mundane in 15.248 minutes.
[19:58:38]DEBUG: Next event of severity Moderate in 45.15 minutes.
[19:58:38]DEBUG: Next event of severity Major in 80.19 minutes.
[19:58:40]ACCESS: Logout: *no key*/(S_Spy)
[19:58:40]ACCESS: Login: S_Spy/(Winter Candy) from 127.0.0.1-516594753 || BYOND v511
[19:59:09]EMOTE: mouse (582)/ : <B>The mouse (582)</B> squeeks.
[19:59:25]SAY: Ian/ : Woof!
[19:59:37]EMOTE: mouse (12)/ : <B>The mouse (12)</B> squiks.
[19:59:39]EMOTE: Ian/ : <B>Ian</B> dances around
[19:59:49]SAY: mouse (524)/ : SQUEEK!
[20:00:07]SAY: Runtime/ : Purr!
[20:00:17]EMOTE: mouse (228)/ : <B>The mouse (228)</B> scritches at something.
[20:00:19]EMOTE: Ian/ : <B>Ian</B> chases their tail
[20:00:27]SAY: mouse (524)/ : SQUEEK!
[20:00:43]EMOTE: Tom/ : <B>Tom</B> scritches at something.
[20:02:09]SAY: mouse (524)/ : Squeek!
[20:02:35]EMOTE: mouse (582)/ : <B>The mouse (582)</B> shakes.
[20:03:15]EMOTE: Ian/ : <B>Ian</B> chases their tail
[20:03:39]EMOTE: Tom/ : <B>Tom</B> runs in a circle.
[20:05:23]ACCESS: Logout: S_Spy/(Winter Candy)


Starting up. 20:10.47
---------------------
[20:10:48]ADMIN: Loading jobban_rank
[20:10:48]ADMIN: jobban_keylist was empty
[20:10:48]ADMIN: Loading Banlist
[20:10:50]DEBUG: Rebuilding Master Controller
[20:12:11]ACCESS: Login: S_Spy/(S_Spy) from 127.0.0.1-516594753 || BYOND v511
[20:12:39]ADMIN: S_Spy has started the game.
[20:12:43]DEBUG: Next event of severity Mundane in 14.652 minutes.
[20:12:43]DEBUG: Next event of severity Moderate in 53.106 minutes.
[20:12:43]DEBUG: Next event of severity Major in 87.1567 minutes.
[20:12:46]ACCESS: Logout: *no key*/(S_Spy)
[20:12:46]ACCESS: Login: S_Spy/(Winter Candy) from 127.0.0.1-516594753 || BYOND v511
[20:12:54]EMOTE: mouse (663)/ : <B>The mouse (663)</B> scritches at something.
[20:13:21]EMOTE: Ian/ : <B>Ian</B> shakes its head.
[20:13:29]SAY: Ian/ : Bark!
[20:13:55]SAY: Winter Candy/S_Spy : י?
[20:14:07]EMOTE: Ian/ : <B>Ian</B> dances around
[20:14:20]EMOTE: mouse (782)/ : <B>The mouse (782)</B> squeaks.
[20:14:50]EMOTE: mouse (920)/ : <B>The mouse (920)</B> squiks.
[20:15:16]EMOTE: mouse (920)/ : <B>The mouse (920)</B> runs in a circle.
[20:16:50]EMOTE: mouse (920)/ : <B>The mouse (920)</B> scritches at something.
[20:16:52]EMOTE: Ian/ : <B>Ian</B> shakes its head.
[20:17:04]EMOTE: mouse (110)/ : <B>The mouse (110)</B> scritches at something.
[20:17:17]ADMIN: S_Spy/(Winter Candy) modified unknown's changeling_timer to 90
[20:17:28]ADMIN: S_Spy/(Winter Candy) modified unknown's changeling_timer to 99
[20:18:36]EMOTE: mouse (920)/ : <B>The mouse (920)</B> shakes.
[20:19:24]EMOTE: mouse (232)/ : <B>The mouse (232)</B> scritches at something.
[20:20:13]EMOTE: Runtime/ : <B>Runtime</B> shivers.
[20:20:19]EMOTE: mouse (232)/ : <B>The mouse (232)</B> squeeks.
[20:20:33]EMOTE: Ian/ : <B>Ian</B> dances around
[20:20:53]SAY: Runtime/ : Esp!
[20:25:09]EMOTE: Ian/ : <B>Ian</B> dances around
[20:25:23]EMOTE: mouse (110)/ : <B>The mouse (110)</B> squiks.
[20:26:12]EMOTE: Ian/ : <B>Ian</B> chases their tail
[20:26:56]SAY: grey baby slime (470)/ : Blop...
[20:28:30]DEBUG: Next event of severity Mundane in 17.86 minutes.
[20:28:30]DEBUG: Starting event 'Economic News' of severity Mundane.
[20:29:08]EMOTE: mouse (110)/ : <B>The mouse (110)</B> runs in a circle.
[20:29:32]SAY: grey baby slime (16)/ : Rawr...
[20:31:35]SAY: Runtime/ : HSSSSS
[20:32:40]DEBUG: Event 'Economic News' has completed at 12:18.
[20:33:12]SAY: Runtime/ : HSSSSS
[20:36:24]EMOTE: Ian/ : <B>Ian</B> woofs.
[20:36:27]ACCESS: Logout: S_Spy/(Winter Candy)


Starting up. 20:41.45
---------------------
[20:41:45]ADMIN: Loading jobban_rank
[20:41:45]ADMIN: jobban_keylist was empty
[20:41:45]ADMIN: Loading Banlist
[20:41:47]DEBUG: Rebuilding Master Controller
[20:43:18]ACCESS: Login: S_Spy/(S_Spy) from 127.0.0.1-516594753 || BYOND v511
[20:43:33]ADMIN: S_Spy has started the game.
[20:43:36]DEBUG: Next event of severity Mundane in 13 minutes.
[20:43:36]DEBUG: Next event of severity Moderate in 44.348 minutes.
[20:43:36]DEBUG: Next event of severity Major in 95.9617 minutes.
[20:43:39]ACCESS: Logout: *no key*/(S_Spy)
[20:43:39]ACCESS: Login: S_Spy/(Winter Candy) from 127.0.0.1-516594753 || BYOND v511
[20:43:45]EMOTE: mouse (487)/ : <B>The mouse (487)</B> shakes.
[20:43:51]EMOTE: mouse (164)/ : <B>The mouse (164)</B> scritches at something.
[20:43:57]EMOTE: Ian/ : <B>Ian</B> pants.
[20:44:03]ADMIN: S_Spy/(Winter Candy) assumed direct control of the unknown.
[20:44:03]ACCESS: Logout: *no key*/(Winter Candy)
[20:44:03]ACCESS: Login: sspy/(unknown) from 127.0.0.1-516594753 || BYOND v511
[20:44:03]EMOTE: Runtime/ : <B>Runtime</B> shakes their head.
[20:44:07]EMOTE: mouse (876)/ : <B>The mouse (876)</B> shakes.
[20:44:09]EMOTE: mouse (788)/ : <B>The mouse (788)</B> squiks.
[20:44:09]SAY: unknown/sspy : {tqf&amp;
[20:44:12]SAY: unknown/sspy : ויא?
[20:44:39]EMOTE: mouse (642)/ : <B>The mouse (642)</B> runs in a circle.
[20:45:13]SAY: Ian/ : Bark!
[20:45:17]SAY: mouse (487)/ : Squeek!
[20:45:41]SAY: grey baby slime (816)/ : Blorble...
[20:46:35]EMOTE: mouse (179)/ : <B>The mouse (179)</B> runs in a circle.
[20:46:45]EMOTE: Ian/ : <B>Ian</B> barks.
[20:47:01]EMOTE: mouse (487)/ : <B>The mouse (487)</B> shakes.
[20:47:57]EMOTE: mouse (487)/ : <B>The mouse (487)</B> scritches at something.
[20:48:17]SAY: mouse (487)/ : Squeek?
[20:48:47]SAY: Runtime/ : HSSSSS
[20:49:01]EMOTE: Ian/ : <B>Ian</B> dances around
[20:50:32]EMOTE: mouse (487)/ : <B>The mouse (487)</B> scritches at something.
[20:50:38]EMOTE: Runtime/ : <B>Runtime</B> meows.
[20:50:45]ACCESS: Logout: sspy/(unknown)


Starting up. 20:57.17
---------------------
[20:57:17]ADMIN: Loading jobban_rank
[20:57:17]ADMIN: jobban_keylist was empty
[20:57:17]ADMIN: Loading Banlist
[20:57:20]DEBUG: Rebuilding Master Controller
[20:57:53]ACCESS: Login: S_Spy/(S_Spy) from 127.0.0.1-516594753 || BYOND v511
[20:58:10]ADMIN: S_Spy has started the game.
[20:58:15]DEBUG: Next event of severity Mundane in 14.568 minutes.
[20:58:15]DEBUG: Next event of severity Moderate in 52.178 minutes.
[20:58:15]DEBUG: Next event of severity Major in 92.0533 minutes.
[20:58:17]ACCESS: Logout: *no key*/(S_Spy)
[20:58:17]ACCESS: Login: S_Spy/(Winter Candy) from 127.0.0.1-516594753 || BYOND v511
[20:58:30]EMOTE: mouse (415)/ : <B>The mouse (415)</B> squeeks.
[20:59:35]SAY: Runtime/ : Meow!
[20:59:37]SAY: grey baby slime (940)/ : Blorble...
[21:00:19]EMOTE: mouse (415)/ : <B>The mouse (415)</B> scritches at something.
[21:00:37]EMOTE: mouse (647)/ : <B>The mouse (647)</B> squiks.
[21:00:39]EMOTE: mouse (333)/ : <B>The mouse (333)</B> squiks.
[21:01:17]EMOTE: mouse (415)/ : <B>The mouse (415)</B> runs in a circle.
[21:01:27]EMOTE: Ian/ : <B>Ian</B> dances around
[21:02:39]EMOTE: mouse (333)/ : <B>The mouse (333)</B> shakes.
[21:03:34]ACCESS: Logout: S_Spy/(Winter Candy)


Starting up. 21:38.05
---------------------
[21:38:05]ADMIN: Loading jobban_rank
[21:38:05]ADMIN: jobban_keylist was empty
[21:38:05]ADMIN: Loading Banlist
[21:38:09]DEBUG: Rebuilding Master Controller
[21:40:55]ACCESS: Login: S_Spy/(S_Spy) from 127.0.0.1-516594753 || BYOND v511
[21:42:34]VOTE: Gamemode vote started by the server.
[21:42:34]DEBUG: The server has called a gamemode vote
[21:43:05]ADMIN: S_Spy/(S_Spy) spawned an alien infestation
[21:43:05]ADMIN: S_Spy/(S_Spy) used secret aliens
[21:43:15]ADMIN: S_Spy has started the game.
[21:43:16]ACCESS: Logout: *no key*/(S_Spy)
[21:43:16]ACCESS: Login: S_Spy/(Winter Candy) from 127.0.0.1-516594753 || BYOND v511
[21:43:21]DEBUG: Next event of severity Mundane in 12.142 minutes.
[21:43:21]DEBUG: Next event of severity Moderate in 43.192 minutes.
[21:43:21]DEBUG: Next event of severity Major in 97.0167 minutes.
[21:43:57]EMOTE: mouse (557)/ : <B>The mouse (557)</B> scritches at something.
[21:44:21]ACCESS: Logout: S_Spy/(Winter Candy)


Starting up. 21:47.21
---------------------
[21:47:22]ADMIN: Loading jobban_rank
[21:47:22]ADMIN: jobban_keylist was empty
[21:47:22]ADMIN: Loading Banlist
[21:47:25]DEBUG: Rebuilding Master Controller
