

Starting up. 00:58.18
---------------------
[00:58:18]MISC: Saved mode is 'changeling_infiltration'
[00:58:18]ADMIN: Loading jobban_rank
[00:58:18]ADMIN: jobban_keylist was empty
[00:58:18]ADMIN: Loading Banlist
[00:58:21]DEBUG: Rebuilding Master Controller
[00:58:51]ACCESS: Login: S_Spy/(S_Spy) from 127.0.0.1-516594753 || BYOND v511
[00:59:55]ADMIN: S_Spy has started the game.
[01:00:21]ADMIN: S_Spy has started the game.
[01:00:21]DEBUG: S_Spy had  enabled, so we are drafting them.
[01:00:21]ACCESS: Logout: *no key*/(S_Spy)
[01:00:21]ACCESS: Login: S_Spy/(Winter Candy) from 127.0.0.1-516594753 || BYOND v511
[01:00:22]ACCESS: Logout: *no key*/(Winter Candy)
[01:00:22]ACCESS: Login: S_Spy/(Winter Candy) from 127.0.0.1-516594753 || BYOND v511
[01:00:25]DEBUG: Next event of severity Mundane in 15.684 minutes.
[01:00:25]DEBUG: Next event of severity Moderate in 48.032 minutes.
[01:00:25]DEBUG: Next event of severity Major in 90.8617 minutes.
[01:00:38]EMOTE: mouse (50)/ : <B>The mouse (50)</B> squiks.
[01:00:48]SAY: mouse (920)/ : Squeek?
[01:01:06]SAY: mouse (290)/ : Squeek!
[01:01:26]EMOTE: mouse (510)/ : <B>The mouse (510)</B> shakes.
[01:02:33]EMOTE: Ian/ : <B>Ian</B> chases their tail
[01:02:35]EMOTE: Tom/ : <B>Tom</B> shakes.
[01:04:10]SAY: Runtime/ : Esp!
[01:04:12]SAY: Runtime/ : HSSSSS
[01:04:37]EMOTE: mouse (290)/ : <B>The mouse (290)</B> shakes.
[01:04:57]EMOTE: mouse (920)/ : <B>The mouse (920)</B> squiks.
[01:06:56]EMOTE: mouse (290)/ : <B>The mouse (290)</B> squeaks.
[01:08:04]EMOTE: Runtime/ : <B>Runtime</B> shakes their head.
[01:10:07]SAY: Runtime/ : Esp!
[01:10:27]EMOTE: Ian/ : <B>Ian</B> shivers.
[01:11:41]EMOTE: Ian/ : <B>Ian</B> dances around
[01:12:22]EMOTE: mouse (622)/ : <B>The mouse (622)</B> shakes.
[01:13:28]EMOTE: mouse (622)/ : <B>The mouse (622)</B> shakes.
[01:13:52]SAY: mouse (920)/ : SQUEEK!
[01:13:58]EMOTE: Ian/ : <B>Ian</B> dances around
[01:14:00]SAY: mouse (920)/ : Squeek?
[01:14:16]EMOTE: mouse (622)/ : <B>The mouse (622)</B> squeeks.
[01:15:24]SAY: Ian/ : AUUUUUU
[01:16:24]EMOTE: Ian/ : <B>Ian</B> dances around
[01:16:34]EMOTE: mouse (290)/ : <B>The mouse (290)</B> squeeks.
[01:17:22]EMOTE: mouse (290)/ : <B>The mouse (290)</B> shakes.
[01:17:37]DEBUG: Next event of severity Mundane in 16.24 minutes.
[01:17:37]DEBUG: Starting event 'Mundane News' of severity Mundane.
[01:17:48]SAY: Runtime/ : Meow!
[01:17:59]DEBUG: Event 'Mundane News' has completed at 12:17.
[01:19:35]ACCESS: Logout: S_Spy/(alien queen (1))


Starting up. 01:26.09
---------------------
[01:26:09]MISC: Saved mode is 'changeling_infiltration'
[01:26:09]ADMIN: Loading jobban_rank
[01:26:09]ADMIN: jobban_keylist was empty
[01:26:09]ADMIN: Loading Banlist
[01:26:12]DEBUG: Rebuilding Master Controller
[01:26:31]ACCESS: Login: S_Spy/(S_Spy) from 127.0.0.1-516594753 || BYOND v511
[01:27:00]ADMIN: S_Spy has started the game.
[01:27:01]DEBUG: S_Spy had  enabled, so we are drafting them.
[01:27:01]ACCESS: Logout: *no key*/(S_Spy)
[01:27:01]ACCESS: Login: S_Spy/(Winter Candy) from 127.0.0.1-516594753 || BYOND v511
[01:27:01]ACCESS: Logout: *no key*/(Winter Candy)
[01:27:01]ACCESS: Login: S_Spy/(Winter Candy) from 127.0.0.1-516594753 || BYOND v511
[01:27:04]DEBUG: Next event of severity Mundane in 16.446 minutes.
[01:27:04]DEBUG: Next event of severity Moderate in 51.714 minutes.
[01:27:04]DEBUG: Next event of severity Major in 94.46 minutes.
[01:27:07]EMOTE: Ian/ : <B>Ian</B> chases their tail
[01:27:13]EMOTE: mouse (637)/ : <B>The mouse (637)</B> shakes.
[01:27:47]EMOTE: mouse (631)/ : <B>The mouse (631)</B> squeeks.
[01:28:07]SAY: mouse (10)/ : Squeek!
[01:29:11]EMOTE: Ian/ : <B>Ian</B> chases their tail
[01:29:27]EMOTE: mouse (349)/ : <B>The mouse (349)</B> shakes.
[01:29:53]ACCESS: Logout: S_Spy/(alien queen (1))


Starting up. 21:23.14
---------------------
[21:23:15]MISC: Saved mode is 'changeling_infiltration'
[21:23:15]ADMIN: Loading jobban_rank
[21:23:15]ADMIN: jobban_keylist was empty
[21:23:15]ADMIN: Loading Banlist
[21:23:19]DEBUG: Rebuilding Master Controller
[21:24:19]ACCESS: Login: S_Spy/(S_Spy) from 127.0.0.1-516594753 || BYOND v511
[21:24:48]ADMIN: S_Spy has started the game.
[21:24:49]DEBUG: S_Spy had  enabled, so we are drafting them.
[21:24:49]ACCESS: Logout: *no key*/(S_Spy)
[21:24:49]ACCESS: Login: S_Spy/(Winter Candy) from 127.0.0.1-516594753 || BYOND v511
[21:24:49]ACCESS: Logout: *no key*/(Winter Candy)
[21:24:49]ACCESS: Login: S_Spy/(Winter Candy) from 127.0.0.1-516594753 || BYOND v511
[21:24:53]DEBUG: Next event of severity Mundane in 12.546 minutes.
[21:24:53]DEBUG: Next event of severity Moderate in 47.09 minutes.
[21:24:53]DEBUG: Next event of severity Major in 93.8467 minutes.
[21:25:32]SAY: grey baby slime (389)/ : Bored...
[21:25:32]EMOTE: Tom/ : <B>Tom</B> shakes.
[21:25:37]EMOTE: Ian/ : <B>Ian</B> chases their tail
[21:25:43]EMOTE: mouse (481)/ : <B>The mouse (481)</B> squeeks.
[21:25:49]EMOTE: mouse (770)/ : <B>The mouse (770)</B> squeeks.
[21:26:29]EMOTE: mouse (481)/ : <B>The mouse (481)</B> squeaks.
[21:26:33]EMOTE: Ian/ : <B>Ian</B> chases their tail
[21:26:58]ACCESS: Logout: *no key*/(alien queen (1))
[21:26:58]ACCESS: Login: S_Spy/(Winter Candy) from 127.0.0.1-516594753 || BYOND v511
[21:27:05]GAME: Winter Candy/S_Spy used abandon mob.
[21:27:05]ACCESS: Logout: *no key*/(Winter Candy)
[21:27:05]ACCESS: Login: S_Spy/(new player) from 127.0.0.1-516594753 || BYOND v511
[21:27:07]ACCESS: Logout: *no key*/(new player)
[21:27:07]ACCESS: Login: S_Spy/(Winter Candy) from 127.0.0.1-516594753 || BYOND v511
[21:27:24]EMOTE: Ian/ : <B>Ian</B> shivers.
[21:27:49]SAY: mouse (484)/ : Squeek?
[21:28:03]EMOTE: mouse (481)/ : <B>The mouse (481)</B> scritches at something.
[21:28:17]ACCESS: Logout: S_Spy/(Winter Candy)
