

Starting up. 15:19.22
---------------------
[15:19:22]MISC: Saved mode is 'changeling_infiltration'
[15:19:22]ADMIN: Loading jobban_rank
[15:19:22]ADMIN: jobban_keylist was empty
[15:19:22]ADMIN: Loading Banlist
[15:19:25]DEBUG: Rebuilding Master Controller
[15:19:52]ACCESS: Login: S_Spy/(S_Spy) from 127.0.0.1-516594753 || BYOND v511
[15:20:04]ADMIN: S_Spy has started the game.
[15:20:04]DEBUG: S_Spy had  enabled, so we are drafting them.
[15:20:04]ACCESS: Logout: *no key*/(S_Spy)
[15:20:04]ACCESS: Login: S_Spy/(Winter Candy) from 127.0.0.1-516594753 || BYOND v511


Starting up. 15:31.04
---------------------
[15:31:04]MISC: Saved mode is 'changeling_infiltration'
[15:31:04]ADMIN: Loading jobban_rank
[15:31:04]ADMIN: jobban_keylist was empty
[15:31:04]ADMIN: Loading Banlist
[15:31:07]DEBUG: Rebuilding Master Controller
[15:31:47]ACCESS: Login: S_Spy/(S_Spy) from 127.0.0.1-516594753 || BYOND v511
[15:32:24]ADMIN: S_Spy has started the game.
[15:32:25]DEBUG: S_Spy had  enabled, so we are drafting them.
[15:32:25]ACCESS: Logout: *no key*/(S_Spy)
[15:32:25]ACCESS: Login: S_Spy/(Winter Candy) from 127.0.0.1-516594753 || BYOND v511
[15:32:44]ACCESS: Logout: S_Spy/(Winter Candy)


Starting up. 15:44.24
---------------------
[15:44:24]MISC: Saved mode is 'changeling_infiltration'
[15:44:24]ADMIN: Loading jobban_rank
[15:44:24]ADMIN: jobban_keylist was empty
[15:44:24]ADMIN: Loading Banlist
[15:44:27]DEBUG: Rebuilding Master Controller
[15:46:23]ACCESS: Login: S_Spy/(S_Spy) from 127.0.0.1-516594753 || BYOND v511
[15:46:37]ADMIN: S_Spy has started the game.
[15:46:37]DEBUG: S_Spy had  enabled, so we are drafting them.
[15:46:37]ACCESS: Logout: *no key*/(S_Spy)
[15:46:37]ACCESS: Login: S_Spy/(Winter Candy) from 127.0.0.1-516594753 || BYOND v511


Starting up. 15:50.22
---------------------
[15:50:22]MISC: Saved mode is 'changeling_infiltration'
[15:50:22]ADMIN: Loading jobban_rank
[15:50:22]ADMIN: jobban_keylist was empty
[15:50:22]ADMIN: Loading Banlist
[15:50:27]DEBUG: Rebuilding Master Controller


Starting up. 15:52.33
---------------------
[15:52:33]MISC: Saved mode is 'changeling_infiltration'
[15:52:33]ADMIN: Loading jobban_rank
[15:52:33]ADMIN: jobban_keylist was empty
[15:52:34]ADMIN: Loading Banlist
[15:52:37]DEBUG: Rebuilding Master Controller


Starting up. 15:53.37
---------------------
[15:53:37]MISC: Saved mode is 'changeling_infiltration'
[15:53:37]ADMIN: Loading jobban_rank
[15:53:37]ADMIN: jobban_keylist was empty
[15:53:37]ADMIN: Loading Banlist
[15:53:40]DEBUG: Rebuilding Master Controller


Starting up. 17:35.02
---------------------
[17:35:02]MISC: Saved mode is 'changeling'
[17:35:03]ADMIN: Loading jobban_rank
[17:35:03]ADMIN: jobban_keylist was empty
[17:35:03]ADMIN: Loading Banlist
[17:35:05]DEBUG: Rebuilding Master Controller
[17:35:43]ACCESS: Login: S_Spy/(S_Spy) from 127.0.0.1-516594753 || BYOND v511
[17:36:23]ACCESS: Logout: S_Spy/(S_Spy)
